Connecting to database specified by database.yml
Connecting to database specified by database.yml


Started GET "/" for 10.0.2.2 at 2013-04-16 12:44:46 +0100
Connecting to database specified by database.yml

ActionController::RoutingError (No route matches [GET] "/"):
  actionpack (3.2.12) lib/action_dispatch/middleware/debug_exceptions.rb:21:in `call'
  actionpack (3.2.12) lib/action_dispatch/middleware/show_exceptions.rb:56:in `call'
  railties (3.2.12) lib/rails/rack/logger.rb:32:in `call_app'
  railties (3.2.12) lib/rails/rack/logger.rb:16:in `block in call'
  activesupport (3.2.12) lib/active_support/tagged_logging.rb:22:in `tagged'
  railties (3.2.12) lib/rails/rack/logger.rb:16:in `call'
  actionpack (3.2.12) lib/action_dispatch/middleware/request_id.rb:22:in `call'
  rack (1.4.5) lib/rack/methodoverride.rb:21:in `call'
  rack (1.4.5) lib/rack/runtime.rb:17:in `call'
  activesupport (3.2.12) lib/active_support/cache/strategy/local_cache.rb:72:in `call'
  rack (1.4.5) lib/rack/lock.rb:15:in `call'
  actionpack (3.2.12) lib/action_dispatch/middleware/static.rb:62:in `call'
  railties (3.2.12) lib/rails/engine.rb:479:in `call'
  railties (3.2.12) lib/rails/application.rb:223:in `call'
  rack (1.4.5) lib/rack/content_length.rb:14:in `call'
  railties (3.2.12) lib/rails/rack/log_tailer.rb:17:in `call'
  rack (1.4.5) lib/rack/handler/webrick.rb:59:in `service'
  /home/alu3997/.rvm/rubies/ruby-1.9.3-p385/lib/ruby/1.9.1/webrick/httpserver.rb:138:in `service'
  /home/alu3997/.rvm/rubies/ruby-1.9.3-p385/lib/ruby/1.9.1/webrick/httpserver.rb:94:in `run'
  /home/alu3997/.rvm/rubies/ruby-1.9.3-p385/lib/ruby/1.9.1/webrick/server.rb:191:in `block in start_thread'


  Rendered /home/alu3997/.rvm/gems/ruby-1.9.3-p385/gems/actionpack-3.2.12/lib/action_dispatch/middleware/templates/rescues/routing_error.erb within rescues/layout (14.1ms)


Started GET "/static_pages/home" for 10.0.2.2 at 2013-04-16 12:45:18 +0100
Processing by StaticPagesController#home as HTML
  Rendered static_pages/home.html.erb within layouts/application (1.2ms)
Compiled static_pages.css  (111ms)  (pid 1576)
Compiled application.css  (219ms)  (pid 1576)
Compiled jquery.js  (5ms)  (pid 1576)
Compiled jquery_ujs.js  (0ms)  (pid 1576)
Compiled static_pages.js  (812ms)  (pid 1576)
Compiled application.js  (1320ms)  (pid 1576)
Completed 200 OK in 2255ms (Views: 2253.8ms | ActiveRecord: 0.0ms)


Started GET "/assets/application.css?body=1" for 10.0.2.2 at 2013-04-16 12:45:21 +0100
Served asset /application.css - 200 OK (32ms)


Started GET "/assets/jquery_ujs.js?body=1" for 10.0.2.2 at 2013-04-16 12:45:21 +0100
Served asset /jquery_ujs.js - 200 OK (35ms)


Started GET "/assets/static_pages.css?body=1" for 10.0.2.2 at 2013-04-16 12:45:21 +0100
Served asset /static_pages.css - 200 OK (21ms)


Started GET "/assets/static_pages.js?body=1" for 10.0.2.2 at 2013-04-16 12:45:21 +0100
Served asset /static_pages.js - 200 OK (16ms)


Started GET "/assets/jquery.js?body=1" for 10.0.2.2 at 2013-04-16 12:45:21 +0100
Served asset /jquery.js - 200 OK (36ms)


Started GET "/assets/application.js?body=1" for 10.0.2.2 at 2013-04-16 12:45:21 +0100
Served asset /application.js - 200 OK (63ms)


Started GET "/assets/rails.png" for 10.0.2.2 at 2013-04-16 12:45:22 +0100
Served asset /rails.png - 200 OK (107ms)


Started GET "/static_pages/home" for 10.0.2.2 at 2013-04-16 12:47:47 +0100
Connecting to database specified by database.yml
Processing by StaticPagesController#home as HTML
  Rendered static_pages/home.html.erb within layouts/application (10.5ms)
Completed 200 OK in 278ms (Views: 277.7ms | ActiveRecord: 0.0ms)


Started GET "/assets/application.js?body=1" for 10.0.2.2 at 2013-04-16 12:47:49 +0100
Served asset /application.js - 304 Not Modified (41ms)


Started GET "/assets/jquery_ujs.js?body=1" for 10.0.2.2 at 2013-04-16 12:47:49 +0100
Served asset /jquery_ujs.js - 304 Not Modified (30ms)


Started GET "/assets/static_pages.js?body=1" for 10.0.2.2 at 2013-04-16 12:47:49 +0100
Served asset /static_pages.js - 304 Not Modified (16ms)


Started GET "/assets/jquery.js?body=1" for 10.0.2.2 at 2013-04-16 12:47:49 +0100
Served asset /jquery.js - 304 Not Modified (36ms)


Started GET "/assets/static_pages.css?body=1" for 10.0.2.2 at 2013-04-16 12:47:49 +0100
Served asset /static_pages.css - 304 Not Modified (22ms)


Started GET "/assets/application.css?body=1" for 10.0.2.2 at 2013-04-16 12:47:49 +0100
Served asset /application.css - 304 Not Modified (29ms)


Started GET "/assets/rails.png" for 10.0.2.2 at 2013-04-16 12:47:49 +0100
Served asset /rails.png - 304 Not Modified (15ms)


Started GET "/static_pages/home" for 10.0.2.2 at 2013-04-16 12:50:21 +0100
Connecting to database specified by database.yml
Processing by StaticPagesController#home as HTML
  Rendered static_pages/home.html.erb within layouts/application (10.5ms)
Compiled custom.css  (3654ms)  (pid 1673)
Compiled application.css  (3836ms)  (pid 1673)
Completed 200 OK in 4443ms (Views: 4442.0ms | ActiveRecord: 0.0ms)


Started GET "/assets/application.css?body=1" for 10.0.2.2 at 2013-04-16 12:50:27 +0100
Served asset /application.css - 304 Not Modified (74ms)


Started GET "/assets/static_pages.js?body=1" for 10.0.2.2 at 2013-04-16 12:50:27 +0100
Served asset /static_pages.js - 304 Not Modified (18ms)


Started GET "/assets/static_pages.css?body=1" for 10.0.2.2 at 2013-04-16 12:50:27 +0100
Served asset /static_pages.css - 304 Not Modified (25ms)


Started GET "/assets/jquery_ujs.js?body=1" for 10.0.2.2 at 2013-04-16 12:50:27 +0100
Served asset /jquery_ujs.js - 304 Not Modified (33ms)


Started GET "/assets/jquery.js?body=1" for 10.0.2.2 at 2013-04-16 12:50:27 +0100
Served asset /jquery.js - 304 Not Modified (35ms)


Started GET "/assets/custom.css?body=1" for 10.0.2.2 at 2013-04-16 12:50:27 +0100
Served asset /custom.css - 200 OK (38ms)


Started GET "/assets/application.js?body=1" for 10.0.2.2 at 2013-04-16 12:50:27 +0100
Served asset /application.js - 304 Not Modified (61ms)


Started GET "/assets/rails.png" for 10.0.2.2 at 2013-04-16 12:50:27 +0100
Served asset /rails.png - 304 Not Modified (12ms)


Started GET "/static_pages/home" for 10.0.2.2 at 2013-04-16 12:52:14 +0100
Connecting to database specified by database.yml
Processing by StaticPagesController#home as HTML
  Rendered static_pages/home.html.erb within layouts/application (10.8ms)
Compiled custom.css  (1959ms)  (pid 1717)
Compiled application.css  (4ms)  (pid 1717)
Completed 200 OK in 2726ms (Views: 2725.4ms | ActiveRecord: 0.0ms)


Started GET "/assets/application.css?body=1" for 10.0.2.2 at 2013-04-16 12:52:18 +0100
Served asset /application.css - 304 Not Modified (77ms)


Started GET "/assets/custom.css?body=1" for 10.0.2.2 at 2013-04-16 12:52:18 +0100
Served asset /custom.css - 200 OK (49ms)


Started GET "/assets/jquery_ujs.js?body=1" for 10.0.2.2 at 2013-04-16 12:52:19 +0100
Served asset /jquery_ujs.js - 304 Not Modified (36ms)


Started GET "/assets/static_pages.css?body=1" for 10.0.2.2 at 2013-04-16 12:52:19 +0100
Served asset /static_pages.css - 304 Not Modified (22ms)


Started GET "/assets/static_pages.js?body=1" for 10.0.2.2 at 2013-04-16 12:52:19 +0100
Served asset /static_pages.js - 304 Not Modified (16ms)


Started GET "/assets/jquery.js?body=1" for 10.0.2.2 at 2013-04-16 12:52:19 +0100
Served asset /jquery.js - 304 Not Modified (67ms)


Started GET "/assets/application.js?body=1" for 10.0.2.2 at 2013-04-16 12:52:19 +0100
Served asset /application.js - 304 Not Modified (39ms)


Started GET "/assets/rails.png" for 10.0.2.2 at 2013-04-16 12:52:19 +0100
Served asset /rails.png - 304 Not Modified (12ms)


Started GET "/static_pages/home" for 10.0.2.2 at 2013-04-16 12:54:21 +0100
Connecting to database specified by database.yml
Processing by StaticPagesController#home as HTML
  Rendered static_pages/home.html.erb within layouts/application (10.8ms)
Compiled custom.css  (2015ms)  (pid 1730)
Compiled application.css  (5ms)  (pid 1730)
Completed 200 OK in 2830ms (Views: 2829.7ms | ActiveRecord: 0.0ms)


Started GET "/assets/jquery_ujs.js?body=1" for 10.0.2.2 at 2013-04-16 12:54:25 +0100
Served asset /jquery_ujs.js - 304 Not Modified (29ms)


Started GET "/assets/static_pages.js?body=1" for 10.0.2.2 at 2013-04-16 12:54:25 +0100
Served asset /static_pages.js - 304 Not Modified (21ms)


Started GET "/assets/static_pages.css?body=1" for 10.0.2.2 at 2013-04-16 12:54:25 +0100
Served asset /static_pages.css - 304 Not Modified (20ms)


Started GET "/assets/custom.css?body=1" for 10.0.2.2 at 2013-04-16 12:54:25 +0100
Served asset /custom.css - 200 OK (32ms)


Started GET "/assets/jquery.js?body=1" for 10.0.2.2 at 2013-04-16 12:54:25 +0100
Served asset /jquery.js - 304 Not Modified (56ms)


Started GET "/assets/application.css?body=1" for 10.0.2.2 at 2013-04-16 12:54:25 +0100
Served asset /application.css - 304 Not Modified (78ms)


Started GET "/assets/application.js?body=1" for 10.0.2.2 at 2013-04-16 12:54:25 +0100
Served asset /application.js - 304 Not Modified (38ms)


Started GET "/assets/rails.png" for 10.0.2.2 at 2013-04-16 12:54:25 +0100
Served asset /rails.png - 304 Not Modified (12ms)


Started GET "/static_pages/home" for 10.0.2.2 at 2013-04-16 12:55:12 +0100
Connecting to database specified by database.yml
Processing by StaticPagesController#home as HTML
  Rendered static_pages/home.html.erb within layouts/application (11.8ms)
Compiled custom.css  (1973ms)  (pid 1744)
Compiled application.css  (6ms)  (pid 1744)
Completed 200 OK in 2780ms (Views: 2779.8ms | ActiveRecord: 0.0ms)


Started GET "/assets/static_pages.js?body=1" for 10.0.2.2 at 2013-04-16 12:55:16 +0100
Served asset /static_pages.js - 304 Not Modified (16ms)


Started GET "/assets/jquery.js?body=1" for 10.0.2.2 at 2013-04-16 12:55:16 +0100
Served asset /jquery.js - 304 Not Modified (39ms)


Started GET "/assets/static_pages.css?body=1" for 10.0.2.2 at 2013-04-16 12:55:16 +0100
Served asset /static_pages.css - 304 Not Modified (19ms)


Started GET "/assets/jquery_ujs.js?body=1" for 10.0.2.2 at 2013-04-16 12:55:16 +0100
Served asset /jquery_ujs.js - 304 Not Modified (29ms)


Started GET "/assets/custom.css?body=1" for 10.0.2.2 at 2013-04-16 12:55:16 +0100
Served asset /custom.css - 200 OK (59ms)


Started GET "/assets/application.css?body=1" for 10.0.2.2 at 2013-04-16 12:55:16 +0100
Served asset /application.css - 304 Not Modified (53ms)


Started GET "/assets/application.js?body=1" for 10.0.2.2 at 2013-04-16 12:55:16 +0100
Served asset /application.js - 304 Not Modified (37ms)


Started GET "/assets/rails.png" for 10.0.2.2 at 2013-04-16 12:55:16 +0100
Served asset /rails.png - 304 Not Modified (11ms)


Started GET "/about" for 10.0.2.2 at 2013-04-16 13:56:55 +0100
Connecting to database specified by database.yml
Processing by StaticPagesController#about as HTML
  Rendered static_pages/about.html.erb within layouts/application (7.6ms)
Compiled custom.css  (2034ms)  (pid 2382)
Compiled application.css  (3ms)  (pid 2382)
  Rendered layouts/_shim.html.erb (0.5ms)
  Rendered layouts/_header.html.erb (2.3ms)
  Rendered layouts/_footer.html.erb (1.7ms)
Completed 200 OK in 2699ms (Views: 2698.2ms | ActiveRecord: 0.0ms)


Started GET "/assets/application.css?body=1" for 10.0.2.2 at 2013-04-16 13:56:59 +0100
Served asset /application.css - 200 OK (20ms)


Started GET "/assets/application.js?body=1" for 10.0.2.2 at 2013-04-16 13:56:59 +0100
Served asset /application.js - 304 Not Modified (38ms)


Started GET "/assets/static_pages.js?body=1" for 10.0.2.2 at 2013-04-16 13:56:59 +0100
Served asset /static_pages.js - 304 Not Modified (20ms)


Started GET "/assets/jquery_ujs.js?body=1" for 10.0.2.2 at 2013-04-16 13:56:59 +0100
Served asset /jquery_ujs.js - 304 Not Modified (28ms)


Started GET "/assets/jquery.js?body=1" for 10.0.2.2 at 2013-04-16 13:56:59 +0100
Served asset /jquery.js - 304 Not Modified (35ms)
